<?xml version="1.0" encoding="UTF-8"?>
<!-- Generated by org.testng.reporters.JUnitXMLReporter -->
<testsuite hostname="A9833S1L" ignored="0" name="Test" tests="4" failures="0" timestamp="13 Feb 2019 19:58:01 GMT" time="0.068" errors="0">
  <testcase name="ABCTest1" time="0.011" classname="nagarajuMaven.ABCTest"/>
  <testcase name="SeleniumTest2" time="0.004" classname="nagarajuMaven.ABCTest"/>
  <testcase name="SeleniumTest1" time="0.008" classname="nagarajuMaven.SeleniumTests"/>
  <testcase name="SeleniumTest2" time="0.004" classname="nagarajuMaven.SeleniumTests"/>
</testsuite> <!-- Test -->
